<?xml version="1.0" encoding="UTF-8"?>
<!-- Generated by org.testng.reporters.JUnitXMLReporter -->
<testsuite ignored="0" hostname="APL-2MCRT24" failures="1" tests="68" name="Automation Exercise Tests" time="714.58" errors="0" timestamp="2026-07-10T11:15:38 IST">
  <testcase classname="testngTests.HomeTest" name="verifyHomePageDisplayed" time="0.16"/>
  <testcase classname="testngTests.LoginTest" name="verifyLoginUsingExcel" time="2.265"/>
  <testcase classname="testngTests.LoginTest" name="verifyLoginUsingExcel" time="1.991"/>
  <testcase classname="testngTests.LoginTest" name="verifyLoginUsingExcel" time="1.955"/>
  <testcase classname="testngTests.LoginTest" name="verifyLoginUsingExcel" time="2.358"/>
  <testcase classname="testngTests.LoginTest" name="verifyLoginPageLoadsSuccessfully" time="0.185"/>
  <testcase classname="testngTests.LoginTest" name="verifyValidLogin" time="2.328"/>
  <testcase classname="testngTests.LoginTest" name="verifyInvalidLogin" time="2.011"/>
  <testcase classname="testngTests.LoginTest" name="verifyInvalidLogin" time="1.821"/>
  <testcase classname="testngTests.LoginTest" name="verifyInvalidLogin" time="2.008"/>
  <testcase classname="testngTests.LoginTest" name="verifyEmptyFieldsValidation" time="0.202"/>
  <testcase classname="testngTests.LoginTest" name="verifyLogout" time="5.108"/>
  <testcase classname="testngTests.SignupTest" name="verifySignupUsingExcel" time="6.233"/>
  <testcase classname="testngTests.SignupTest" name="verifySignupSection" time="0.188"/>
  <testcase classname="testngTests.SignupTest" name="verifyValidRegistration" time="7.24"/>
  <testcase classname="testngTests.SignupTest" name="verifyExistingEmailRegistration" time="2.484"/>
  <testcase classname="testngTests.SignupTest" name="verifyInvalidEmailFormat" time="0.375"/>
  <testcase classname="testngTests.SignupTest" name="verifyInvalidEmailFormat" time="0.531"/>
  <testcase classname="testngTests.SignupTest" name="verifyInvalidEmailFormat" time="0.483"/>
  <testcase classname="testngTests.SignupTest" name="verifyInvalidEmailFormat" time="0.549"/>
  <testcase classname="testngTests.SignupTest" name="verifyMandatoryFieldsEmpty" time="0.21"/>
  <testcase classname="testngTests.CategoryTest" name="verifyWomenDressCategory" time="6.455"/>
  <testcase classname="testngTests.CategoryTest" name="verifyWomenTopsCategory" time="5.658"/>
  <testcase classname="testngTests.CategoryTest" name="verifyWomenSareeCategory" time="2.453"/>
  <testcase classname="testngTests.CategoryTest" name="verifyMenTshirtCategory" time="2.94"/>
  <testcase classname="testngTests.CategoryTest" name="verifyMenJeansCategory" time="3.228"/>
  <testcase classname="testngTests.CategoryTest" name="verifyKidsDressCategory" time="3.059"/>
  <testcase classname="testngTests.CategoryTest" name="verifyKidsTopsCategory" time="3.028">
    <failure type="org.openqa.selenium.ElementClickInterceptedException" message="element click intercepted: Element &amp;lt;a href=&amp;quot;/category_products/5&amp;quot;&amp;gt;...&amp;lt;/a&amp;gt; is not clickable at point (136, 617). Other element would receive the click: &amp;lt;iframe id=&amp;quot;aswift_1&amp;quot; name=&amp;quot;aswift_1&amp;quot; style=&amp;quot;min-height: auto; max-height: none; min-width: auto; max-width: none; width: 1005px !important; height: 186px !important; display: block; margin: 0px auto;&amp;quot; sandbox=&amp;quot;allow-forms allow-popups allow-popups-to-escape-sandbox allow-same-origin allow-scripts allow-top-navigation-by-user-activation&amp;quot; width=&amp;quot;1005&amp;quot; height=&amp;quot;186&amp;quot; frameborder=&amp;quot;0&amp;quot; marginwidth=&amp;quot;0&amp;quot; marginheight=&amp;quot;0&amp;quot; vspace=&amp;quot;0&amp;quot; hspace=&amp;quot;0&amp;quot; allowtransparency=&amp;quot;true&amp;quot; scrolling=&amp;quot;no&amp;quot; allow=&amp;quot;attribution-reporting; run-ad-auction&amp;quot; src=&amp;quot;https://googleads.g.doubleclick.net/pagead/html/r20260709/r20190131/zrt_lookup_fy2021.html#RS-0-&amp;amp;amp;adk=1812271801&amp;amp;amp;client=ca-pub-1677597403311019&amp;amp;amp;fa=1&amp;amp;amp;ifi=2&amp;amp;amp;uci=a!2&amp;amp;amp;btvi=1&amp;quot; data-google-container-id=&amp;quot;a!2&amp;quot; tabindex=&amp;quot;0&amp;quot; title=&amp;quot;Advertisement&amp;quot; aria-label=&amp;quot;Advertisement&amp;quot; data-google-query-id=&amp;quot;CNizv6uyx5UDFSeY6QUd8eobnQ&amp;quot; data-load-complete=&amp;quot;true&amp;quot;&amp;gt;&amp;lt;/iframe&amp;gt;
  (Session info: MicrosoftEdge=150.0.4078.48)
Build info: version: &amp;apos;4.43.0&amp;apos;, revision: &amp;apos;dd0f534&amp;apos;
System info: os.name: &amp;apos;Windows 11&amp;apos;, os.arch: &amp;apos;amd64&amp;apos;, os.version: &amp;apos;10.0&amp;apos;, java.version: &amp;apos;21.0.9&amp;apos;
Driver info: org.openqa.selenium.edge.EdgeDriver
Command: [79f7fe4d44a316bd8c5d38b8ae380e61, clickElement {id=f.9C402FFAF663C16CCB5DE8584EB8A5CC.d.C285E7FC20B3CC6CF5B0C266623AFF62.e.141}]
Capabilities {acceptInsecureCerts: false, browserName: MicrosoftEdge, browserVersion: 150.0.4078.48, fedcm:accounts: true, goog:processID: 2560, ms:edgeOptions: {debuggerAddress: localhost:57620}, msedge: {msedgedriverVersion: 150.0.4078.48 (6362dfa84aa4..., userDataDir: C:\Users\RA2069~1\AppData\L...}, networkConnectionEnabled: false, pageLoadStrategy: normal, platformName: windows, proxy: Proxy(), se:cdp: ws://localhost:57620/devtoo..., se:cdpVersion: 150.0.4078.48, setWindowRect: true, strictFileInteractability: false, timeouts: {implicit: 0, pageLoad: 300000, script: 30000}, unhandledPromptBehavior: dismiss and notify, webauthn:extension:credBlob: true, webauthn:extension:largeBlob: true, webauthn:extension:minPinLength: true, webauthn:extension:prf: true, webauthn:virtualAuthenticators: true}
Element: [[EdgeDriver: MicrosoftEdge on windows (79f7fe4d44a316bd8c5d38b8ae380e61)] -&amp;gt; xpath: //*[@id=&amp;quot;Kids&amp;quot;]/div/ul/li[2]/a]
Session ID: 79f7fe4d44a316bd8c5d38b8ae380e61">
      <![CDATA[org.openqa.selenium.ElementClickInterceptedException: element click intercepted: Element <a href="/category_products/5">...</a> is not clickable at point (136, 617). Other element would receive the click: <iframe id="aswift_1" name="aswift_1" style="min-height: auto; max-height: none; min-width: auto; max-width: none; width: 1005px !important; height: 186px !important; display: block; margin: 0px auto;" sandbox="allow-forms allow-popups allow-popups-to-escape-sandbox allow-same-origin allow-scripts allow-top-navigation-by-user-activation" width="1005" height="186" frameborder="0" marginwidth="0" marginheight="0" vspace="0" hspace="0" allowtransparency="true" scrolling="no" allow="attribution-reporting; run-ad-auction" src="https://googleads.g.doubleclick.net/pagead/html/r20260709/r20190131/zrt_lookup_fy2021.html#RS-0-&amp;adk=1812271801&amp;client=ca-pub-1677597403311019&amp;fa=1&amp;ifi=2&amp;uci=a!2&amp;btvi=1" data-google-container-id="a!2" tabindex="0" title="Advertisement" aria-label="Advertisement" data-google-query-id="CNizv6uyx5UDFSeY6QUd8eobnQ" data-load-complete="true"></iframe>
  (Session info: MicrosoftEdge=150.0.4078.48)
Build info: version: '4.43.0', revision: 'dd0f534'
System info: os.name: 'Windows 11', os.arch: 'amd64', os.version: '10.0', java.version: '21.0.9'
Driver info: org.openqa.selenium.edge.EdgeDriver
Command: [79f7fe4d44a316bd8c5d38b8ae380e61, clickElement {id=f.9C402FFAF663C16CCB5DE8584EB8A5CC.d.C285E7FC20B3CC6CF5B0C266623AFF62.e.141}]
Capabilities {acceptInsecureCerts: false, browserName: MicrosoftEdge, browserVersion: 150.0.4078.48, fedcm:accounts: true, goog:processID: 2560, ms:edgeOptions: {debuggerAddress: localhost:57620}, msedge: {msedgedriverVersion: 150.0.4078.48 (6362dfa84aa4..., userDataDir: C:\Users\RA2069~1\AppData\L...}, networkConnectionEnabled: false, pageLoadStrategy: normal, platformName: windows, proxy: Proxy(), se:cdp: ws://localhost:57620/devtoo..., se:cdpVersion: 150.0.4078.48, setWindowRect: true, strictFileInteractability: false, timeouts: {implicit: 0, pageLoad: 300000, script: 30000}, unhandledPromptBehavior: dismiss and notify, webauthn:extension:credBlob: true, webauthn:extension:largeBlob: true, webauthn:extension:minPinLength: true, webauthn:extension:prf: true, webauthn:virtualAuthenticators: true}
Element: [[EdgeDriver: MicrosoftEdge on windows (79f7fe4d44a316bd8c5d38b8ae380e61)] -> xpath: //*[@id="Kids"]/div/ul/li[2]/a]
Session ID: 79f7fe4d44a316bd8c5d38b8ae380e61
at org.openqa.selenium.remote.ErrorCodec.decode(ErrorCodec.java:169)
at org.openqa.selenium.remote.codec.w3c.W3CHttpResponseCodec.decode(W3CHttpResponseCodec.java:142)
at org.openqa.selenium.remote.codec.w3c.W3CHttpResponseCodec.decode(W3CHttpResponseCodec.java:49)
at org.openqa.selenium.remote.HttpCommandExecutor.execute(HttpCommandExecutor.java:223)
at org.openqa.selenium.remote.service.DriverCommandExecutor.invokeExecute(DriverCommandExecutor.java:216)
at org.openqa.selenium.remote.service.DriverCommandExecutor.execute(DriverCommandExecutor.java:174)
at org.openqa.selenium.remote.RemoteWebDriver.execute(RemoteWebDriver.java:606)
at org.openqa.selenium.remote.RemoteWebElement.execute(RemoteWebElement.java:223)
at org.openqa.selenium.remote.RemoteWebElement.click(RemoteWebElement.java:76)
at org.openqa.selenium.support.pagefactory.internal.LocatingElementHandler.invoke(LocatingElementHandler.java:51)
at jdk.proxy2/jdk.proxy2.$Proxy35.click(Unknown Source)
at pages.CategoryPage.click_TopsAndShirts_Category(CategoryPage.java:125)
at testngTests.CategoryTest.lambda$6(CategoryTest.java:265)
at utilities.GoogleAdsHandler.handleGoogleVignette(GoogleAdsHandler.java:25)
at testngTests.CategoryTest.verifyKidsTopsCategory(CategoryTest.java:261)
at java.base/java.util.ArrayList.forEach(ArrayList.java:1596)
... Removed 27 stack frames]]>
    </failure>
  </testcase> <!-- verifyKidsTopsCategory -->
  <testcase classname="testngTests.BrandsTest" name="verifyBrandsSection" time="0.373"/>
  <testcase classname="testngTests.BrandsTest" name="verifySelectedBrand" time="2.418"/>
  <testcase classname="testngTests.BrandsTest" name="verifySelectedBrand" time="1.555"/>
  <testcase classname="testngTests.BrandsTest" name="verifySelectedBrand" time="1.616"/>
  <testcase classname="testngTests.BrandsTest" name="verifySelectedBrand" time="1.854"/>
  <testcase classname="testngTests.BrandsTest" name="verifySelectedBrand" time="1.798"/>
  <testcase classname="testngTests.BrandsTest" name="verifySelectedBrand" time="1.855"/>
  <testcase classname="testngTests.BrandsTest" name="verifySelectedBrand" time="1.768"/>
  <testcase classname="testngTests.BrandsTest" name="verifySelectedBrand" time="1.787"/>
  <testcase classname="testngTests.BrandsTest" name="verifyBrandURL" time="1.85"/>
  <testcase classname="testngTests.BrandsTest" name="verifyBrandURL" time="4.857"/>
  <testcase classname="testngTests.BrandsTest" name="verifyBrandURL" time="1.713"/>
  <testcase classname="testngTests.BrandsTest" name="verifyBrandURL" time="1.451"/>
  <testcase classname="testngTests.BrandsTest" name="verifyBrandURL" time="1.612"/>
  <testcase classname="testngTests.BrandsTest" name="verifyBrandURL" time="1.475"/>
  <testcase classname="testngTests.BrandsTest" name="verifyBrandURL" time="1.837"/>
  <testcase classname="testngTests.BrandsTest" name="verifyBrandURL" time="1.625"/>
  <testcase classname="testngTests.BrandsTest" name="verifySwitchBetweenBrands" time="3.623"/>
  <testcase classname="testngTests.ContactUsTest" name="verifyContactUsPage" time="0.034"/>
  <testcase classname="testngTests.ContactUsTest" name="verifyFeedbackSection" time="0.059"/>
  <testcase classname="testngTests.ProductsTest" name="verifyProductsPageDisplayed" time="2.46"/>
  <testcase classname="testngTests.ProductsTest" name="verifyProductsAreDisplayed" time="3.735"/>
  <testcase classname="testngTests.ProductsTest" name="verifySearchProduct" time="4.656"/>
  <testcase classname="testngTests.ProductsTest" name="verifySearchProduct" time="4.482"/>
  <testcase classname="testngTests.ProductsTest" name="verifySearchProduct" time="4.742"/>
  <testcase classname="testngTests.ProductsTest" name="verifyViewProduct" time="5.417"/>
  <testcase classname="testngTests.ProductsTest" name="verifyViewProduct" time="5.048"/>
  <testcase classname="testngTests.ProductsTest" name="verifyViewProduct" time="5.107"/>
  <testcase classname="testngTests.ProductsTest" name="verifyProductDetails" time="6.471"/>
  <testcase classname="testngTests.ProductsTest" name="verifyAddProductToCart" time="3.047"/>
  <testcase classname="testngTests.ProductsTest" name="verifyProductQuantity" time="5.591"/>
  <testcase classname="testngTests.ProductsTest" name="verifyOpenCart" time="5.785"/>
  <testcase classname="testngTests.CheckoutTest" name="verifyCheckoutPageDisplayed" time="10.102"/>
  <testcase classname="testngTests.CheckoutTest" name="verifyDeliveryAddressDisplayed" time="11.548"/>
  <testcase classname="testngTests.CheckoutTest" name="verifyBillingAddressDisplayed" time="8.198"/>
  <testcase classname="testngTests.CheckoutTest" name="verifyReviewOrderDisplayed" time="9.603"/>
  <testcase classname="testngTests.CheckoutTest" name="verifyPlaceOrder" time="11.272"/>
  <testcase classname="testngTests.CheckoutTest" name="verifyPaymentDetailsEntry" time="12.032"/>
  <testcase classname="testngTests.CheckoutTest" name="verifyCompleteOrder" time="15.529"/>
  <testcase classname="testngTests.CheckoutTest" name="verifyDownloadInvoiceButton" time="15.438"/>
</testsuite> <!-- Automation Exercise Tests -->
