<?xml version="1.0" encoding="UTF-8"?>
<testng-results ignored="0" total="7" passed="7" failed="0" skipped="0">
  <reporter-output>
  </reporter-output>
  <suite started-at="2026-07-06T23:46:10 IST" name="Default suite" finished-at="2026-07-06T23:48:05 IST" duration-ms="114519">
    <groups>
      <group name="cucumber">
        <method signature="AbstractTestNGCucumberTests.runScenario(io.cucumber.testng.PickleWrapper, io.cucumber.testng.FeatureWrapper)[pri:0, instance:runner.runner@689604d9]" name="runScenario" class="io.cucumber.testng.AbstractTestNGCucumberTests"/>
      </group> <!-- cucumber -->
    </groups>
    <test started-at="2026-07-06T23:46:10 IST" name="Default test" finished-at="2026-07-06T23:48:05 IST" duration-ms="114519">
      <class name="runner.runner">
        <test-method is-config="true" signature="setUpClass(org.testng.ITestContext)[pri:0, instance:runner.runner@689604d9]" started-at="2026-07-06T23:46:10 IST" name="setUpClass" finished-at="2026-07-06T23:46:11 IST" duration-ms="885" status="PASS">
          <params>
            <param index="0">
              <value>
                <![CDATA[org.testng.TestRunner@22d9bc14]]>
              </value>
            </param>
          </params>
          <reporter-output>
          </reporter-output>
        </test-method> <!-- setUpClass -->
        <test-method signature="runScenario(io.cucumber.testng.PickleWrapper, io.cucumber.testng.FeatureWrapper)[pri:0, instance:runner.runner@689604d9]" started-at="2026-07-06T23:46:11 IST" name="runScenario" description="Runs Cucumber Scenarios" data-provider="scenarios" finished-at="2026-07-06T23:46:30 IST" duration-ms="19051" status="PASS">
          <params>
            <param index="0">
              <value>
                <![CDATA["Verify Women Dress Category"]]>
              </value>
            </param>
            <param index="1">
              <value>
                <![CDATA["Category Navigation on AutomationExercise"]]>
              </value>
            </param>
          </params>
          <reporter-output>
          </reporter-output>
        </test-method> <!-- runScenario -->
        <test-method signature="runScenario(io.cucumber.testng.PickleWrapper, io.cucumber.testng.FeatureWrapper)[pri:0, instance:runner.runner@689604d9]" started-at="2026-07-06T23:46:30 IST" name="runScenario" description="Runs Cucumber Scenarios" data-provider="scenarios" finished-at="2026-07-06T23:46:54 IST" duration-ms="23109" status="PASS">
          <params>
            <param index="0">
              <value>
                <![CDATA["Verify Women Tops Category"]]>
              </value>
            </param>
            <param index="1">
              <value>
                <![CDATA["Category Navigation on AutomationExercise"]]>
              </value>
            </param>
          </params>
          <reporter-output>
          </reporter-output>
        </test-method> <!-- runScenario -->
        <test-method signature="runScenario(io.cucumber.testng.PickleWrapper, io.cucumber.testng.FeatureWrapper)[pri:0, instance:runner.runner@689604d9]" started-at="2026-07-06T23:46:54 IST" name="runScenario" description="Runs Cucumber Scenarios" data-provider="scenarios" finished-at="2026-07-06T23:47:13 IST" duration-ms="19421" status="PASS">
          <params>
            <param index="0">
              <value>
                <![CDATA["Verify Women Saree Category"]]>
              </value>
            </param>
            <param index="1">
              <value>
                <![CDATA["Category Navigation on AutomationExercise"]]>
              </value>
            </param>
          </params>
          <reporter-output>
          </reporter-output>
        </test-method> <!-- runScenario -->
        <test-method signature="runScenario(io.cucumber.testng.PickleWrapper, io.cucumber.testng.FeatureWrapper)[pri:0, instance:runner.runner@689604d9]" started-at="2026-07-06T23:47:13 IST" name="runScenario" description="Runs Cucumber Scenarios" data-provider="scenarios" finished-at="2026-07-06T23:47:30 IST" duration-ms="16732" status="PASS">
          <params>
            <param index="0">
              <value>
                <![CDATA["Verify Men Tshirt Category"]]>
              </value>
            </param>
            <param index="1">
              <value>
                <![CDATA["Category Navigation on AutomationExercise"]]>
              </value>
            </param>
          </params>
          <reporter-output>
          </reporter-output>
        </test-method> <!-- runScenario -->
        <test-method signature="runScenario(io.cucumber.testng.PickleWrapper, io.cucumber.testng.FeatureWrapper)[pri:0, instance:runner.runner@689604d9]" started-at="2026-07-06T23:47:30 IST" name="runScenario" description="Runs Cucumber Scenarios" data-provider="scenarios" finished-at="2026-07-06T23:47:41 IST" duration-ms="11262" status="PASS">
          <params>
            <param index="0">
              <value>
                <![CDATA["Verify Men Jeans Category"]]>
              </value>
            </param>
            <param index="1">
              <value>
                <![CDATA["Category Navigation on AutomationExercise"]]>
              </value>
            </param>
          </params>
          <reporter-output>
          </reporter-output>
        </test-method> <!-- runScenario -->
        <test-method signature="runScenario(io.cucumber.testng.PickleWrapper, io.cucumber.testng.FeatureWrapper)[pri:0, instance:runner.runner@689604d9]" started-at="2026-07-06T23:47:41 IST" name="runScenario" description="Runs Cucumber Scenarios" data-provider="scenarios" finished-at="2026-07-06T23:47:52 IST" duration-ms="11384" status="PASS">
          <params>
            <param index="0">
              <value>
                <![CDATA["Verify Kids Dress Category"]]>
              </value>
            </param>
            <param index="1">
              <value>
                <![CDATA["Category Navigation on AutomationExercise"]]>
              </value>
            </param>
          </params>
          <reporter-output>
          </reporter-output>
        </test-method> <!-- runScenario -->
        <test-method signature="runScenario(io.cucumber.testng.PickleWrapper, io.cucumber.testng.FeatureWrapper)[pri:0, instance:runner.runner@689604d9]" started-at="2026-07-06T23:47:52 IST" name="runScenario" description="Runs Cucumber Scenarios" data-provider="scenarios" finished-at="2026-07-06T23:48:05 IST" duration-ms="12611" status="PASS">
          <params>
            <param index="0">
              <value>
                <![CDATA["Verify Kids Tops & Shirts Category"]]>
              </value>
            </param>
            <param index="1">
              <value>
                <![CDATA["Category Navigation on AutomationExercise"]]>
              </value>
            </param>
          </params>
          <reporter-output>
          </reporter-output>
        </test-method> <!-- runScenario -->
        <test-method is-config="true" signature="tearDownClass()[pri:0, instance:runner.runner@689604d9]" started-at="2026-07-06T23:48:05 IST" name="tearDownClass" finished-at="2026-07-06T23:48:05 IST" duration-ms="11" status="PASS">
          <reporter-output>
          </reporter-output>
        </test-method> <!-- tearDownClass -->
      </class> <!-- runner.runner -->
    </test> <!-- Default test -->
  </suite> <!-- Default suite -->
</testng-results>
