<?xml version="1.0" encoding="UTF-8"?>
<testng-results ignored="0" total="1" passed="1" failed="0" skipped="0">
  <reporter-output>
  </reporter-output>
  <suite started-at="2026-07-12T20:24:20 IST" name="Automation Exercise TestNG Suite" finished-at="2026-07-12T20:24:26 IST" duration-ms="5870">
    <groups>
    </groups>
    <test started-at="2026-07-12T20:24:20 IST" name="Automation Exercise Tests" finished-at="2026-07-12T20:24:26 IST" duration-ms="5870">
      <class name="testngTests.HomeTest">
        <test-method is-config="true" signature="setupReport()[pri:0, instance:testngTests.HomeTest@791d1f8b]" started-at="2026-07-12T20:24:20 IST" name="setupReport" finished-at="2026-07-12T20:24:20 IST" duration-ms="294" status="PASS">
          <reporter-output>
          </reporter-output>
        </test-method> <!-- setupReport -->
        <test-method is-config="true" signature="setup()[pri:0, instance:testngTests.HomeTest@791d1f8b]" started-at="2026-07-12T20:24:20 IST" name="setup" finished-at="2026-07-12T20:24:25 IST" duration-ms="5404" status="PASS">
          <reporter-output>
          </reporter-output>
        </test-method> <!-- setup -->
        <test-method signature="verifyHomePageDisplayed()[pri:0, instance:testngTests.HomeTest@791d1f8b]" started-at="2026-07-12T20:24:25 IST" name="verifyHomePageDisplayed" finished-at="2026-07-12T20:24:25 IST" duration-ms="81" status="PASS">
          <reporter-output>
          </reporter-output>
        </test-method> <!-- verifyHomePageDisplayed -->
        <test-method is-config="true" signature="tearDown()[pri:0, instance:testngTests.HomeTest@791d1f8b]" started-at="2026-07-12T20:24:25 IST" name="tearDown" finished-at="2026-07-12T20:24:26 IST" duration-ms="231" status="PASS">
          <reporter-output>
          </reporter-output>
        </test-method> <!-- tearDown -->
        <test-method is-config="true" signature="flushReport()[pri:0, instance:testngTests.HomeTest@791d1f8b]" started-at="2026-07-12T20:24:26 IST" name="flushReport" finished-at="2026-07-12T20:24:26 IST" duration-ms="386" status="PASS">
          <reporter-output>
          </reporter-output>
        </test-method> <!-- flushReport -->
      </class> <!-- testngTests.HomeTest -->
    </test> <!-- Automation Exercise Tests -->
  </suite> <!-- Automation Exercise TestNG Suite -->
</testng-results>
