<?xml version="1.0" encoding="UTF-8"?>
<!-- Generated by org.testng.reporters.JUnitReportReporter -->
<testsuite hostname="APL-2MCRT24" failures="0" tests="11" name="testngTests.LoginTest" time="110.668" errors="0" timestamp="2026-07-10T11:15:39 IST" skipped="0">
  <testcase classname="testngTests.LoginTest" name="verifyLoginUsingExcel" time="9.425"/>
  <testcase classname="testngTests.LoginTest" name="verifyLoginUsingExcel" time="10.026"/>
  <testcase classname="testngTests.LoginTest" name="verifyLoginUsingExcel" time="10.023"/>
  <testcase classname="testngTests.LoginTest" name="verifyLoginUsingExcel" time="10.618"/>
  <testcase classname="testngTests.LoginTest" name="verifyLoginPageLoadsSuccessfully" time="7.737"/>
  <testcase classname="testngTests.LoginTest" name="verifyValidLogin" time="11.238"/>
  <testcase classname="testngTests.LoginTest" name="verifyInvalidLogin" time="10.580"/>
  <testcase classname="testngTests.LoginTest" name="verifyInvalidLogin" time="9.540"/>
  <testcase classname="testngTests.LoginTest" name="verifyInvalidLogin" time="9.165"/>
  <testcase classname="testngTests.LoginTest" name="verifyEmptyFieldsValidation" time="8.295"/>
  <testcase classname="testngTests.LoginTest" name="verifyLogout" time="14.021"/>
</testsuite> <!-- testngTests.LoginTest -->
