<?xml version="1.0" encoding="UTF-8"?>
<!-- Generated by org.testng.reporters.JUnitReportReporter -->
<testsuite hostname="APL-2MCRT24" failures="0" tests="8" name="testngTests.CheckoutTest" time="134.435" errors="0" timestamp="2026-07-10T11:15:39 IST" skipped="0">
  <testcase classname="testngTests.CheckoutTest" name="verifyCheckoutPageDisplayed" time="14.731"/>
  <testcase classname="testngTests.CheckoutTest" name="verifyDeliveryAddressDisplayed" time="16.595"/>
  <testcase classname="testngTests.CheckoutTest" name="verifyBillingAddressDisplayed" time="13.502"/>
  <testcase classname="testngTests.CheckoutTest" name="verifyReviewOrderDisplayed" time="14.851"/>
  <testcase classname="testngTests.CheckoutTest" name="verifyPlaceOrder" time="16.769"/>
  <testcase classname="testngTests.CheckoutTest" name="verifyPaymentDetailsEntry" time="16.862"/>
  <testcase classname="testngTests.CheckoutTest" name="verifyCompleteOrder" time="20.319"/>
  <testcase classname="testngTests.CheckoutTest" name="verifyDownloadInvoiceButton" time="20.806"/>
</testsuite> <!-- testngTests.CheckoutTest -->
