<?xml version="1.0" encoding="UTF-8"?>
<!-- Generated by org.testng.reporters.JUnitReportReporter -->
<testsuite hostname="APL-2MCRT24" failures="0" tests="3" name="runner.runner" time="34.118" errors="0" timestamp="2026-07-07T14:33:16 IST" skipped="0">
  <testcase classname="runner.runner" name="runScenario" time="11.970"/>
  <system-out/>
  <testcase classname="runner.runner" name="runScenario" time="11.784"/>
  <system-out/>
  <testcase classname="runner.runner" name="runScenario" time="10.364"/>
  <system-out/>
</testsuite> <!-- runner.runner -->
