<?xml version="1.0" encoding="UTF-8"?>
<!-- Generated by org.testng.reporters.JUnitReportReporter -->
<testsuite hostname="APL-2MCRT24" failures="0" tests="18" name="testngTests.BrandsTest" time="174.143" errors="0" timestamp="2026-07-10T11:15:39 IST" skipped="0">
  <testcase classname="testngTests.BrandsTest" name="verifyBrandsSection" time="8.544"/>
  <testcase classname="testngTests.BrandsTest" name="verifySelectedBrand" time="9.040"/>
  <testcase classname="testngTests.BrandsTest" name="verifySelectedBrand" time="8.981"/>
  <testcase classname="testngTests.BrandsTest" name="verifySelectedBrand" time="9.082"/>
  <testcase classname="testngTests.BrandsTest" name="verifySelectedBrand" time="9.388"/>
  <testcase classname="testngTests.BrandsTest" name="verifySelectedBrand" time="9.660"/>
  <testcase classname="testngTests.BrandsTest" name="verifySelectedBrand" time="10.076"/>
  <testcase classname="testngTests.BrandsTest" name="verifySelectedBrand" time="11.613"/>
  <testcase classname="testngTests.BrandsTest" name="verifySelectedBrand" time="8.821"/>
  <testcase classname="testngTests.BrandsTest" name="verifyBrandURL" time="9.079"/>
  <testcase classname="testngTests.BrandsTest" name="verifyBrandURL" time="9.069"/>
  <testcase classname="testngTests.BrandsTest" name="verifyBrandURL" time="9.268"/>
  <testcase classname="testngTests.BrandsTest" name="verifyBrandURL" time="9.212"/>
  <testcase classname="testngTests.BrandsTest" name="verifyBrandURL" time="9.476"/>
  <testcase classname="testngTests.BrandsTest" name="verifyBrandURL" time="10.148"/>
  <testcase classname="testngTests.BrandsTest" name="verifyBrandURL" time="12.300"/>
  <testcase classname="testngTests.BrandsTest" name="verifyBrandURL" time="9.746"/>
  <testcase classname="testngTests.BrandsTest" name="verifySwitchBetweenBrands" time="10.640"/>
</testsuite> <!-- testngTests.BrandsTest -->
