<?xml version="1.0" encoding="UTF-8"?>
<!-- Generated by org.testng.reporters.JUnitReportReporter -->
<testsuite hostname="APL-2MCRT24" failures="0" tests="2" name="testngTests.ContactUsTest" time="14.524" errors="0" timestamp="2026-07-10T11:15:39 IST" skipped="0">
  <testcase classname="testngTests.ContactUsTest" name="verifyContactUsPage" time="7.268"/>
  <testcase classname="testngTests.ContactUsTest" name="verifyFeedbackSection" time="7.256"/>
</testsuite> <!-- testngTests.ContactUsTest -->
