<?xml version="1.0" encoding="UTF-8"?>
<!-- Generated by org.testng.reporters.JUnitReportReporter -->
<testsuite hostname="APL-2MCRT24" failures="0" tests="9" name="testngTests.SignupTest" time="88.150" errors="0" timestamp="2026-07-10T11:15:39 IST" skipped="0">
  <testcase classname="testngTests.SignupTest" name="verifySignupUsingExcel" time="15.638"/>
  <testcase classname="testngTests.SignupTest" name="verifySignupSection" time="7.847"/>
  <testcase classname="testngTests.SignupTest" name="verifyValidRegistration" time="14.375"/>
  <testcase classname="testngTests.SignupTest" name="verifyExistingEmailRegistration" time="9.753"/>
  <testcase classname="testngTests.SignupTest" name="verifyInvalidEmailFormat" time="7.078"/>
  <testcase classname="testngTests.SignupTest" name="verifyInvalidEmailFormat" time="9.592"/>
  <testcase classname="testngTests.SignupTest" name="verifyInvalidEmailFormat" time="7.512"/>
  <testcase classname="testngTests.SignupTest" name="verifyInvalidEmailFormat" time="8.591"/>
  <testcase classname="testngTests.SignupTest" name="verifyMandatoryFieldsEmpty" time="7.764"/>
</testsuite> <!-- testngTests.SignupTest -->
