<?xml version="1.0" encoding="UTF-8"?>
<!-- Generated by org.testng.reporters.JUnitReportReporter -->
<testsuite hostname="DESKTOP-2KVJ2T1" failures="0" tests="7" name="runner.runner" time="77.378" errors="0" timestamp="2026-07-02T22:19:00 IST" skipped="0">
  <testcase classname="runner.runner" name="runScenario" time="10.467"/>
  <system-out/>
  <testcase classname="runner.runner" name="runScenario" time="9.605"/>
  <system-out/>
  <testcase classname="runner.runner" name="runScenario" time="9.675"/>
  <system-out/>
  <testcase classname="runner.runner" name="runScenario" time="8.786"/>
  <system-out/>
  <testcase classname="runner.runner" name="runScenario" time="19.399"/>
  <system-out/>
  <testcase classname="runner.runner" name="runScenario" time="11.059"/>
  <system-out/>
  <testcase classname="runner.runner" name="runScenario" time="8.387"/>
  <system-out/>
</testsuite> <!-- runner.runner -->
