<?xml version="1.0" encoding="UTF-8"?>
<!-- Generated by org.testng.reporters.JUnitReportReporter -->
<testsuite hostname="APL-2MCRT24" failures="0" tests="12" name="testngTests.ProductsTest" time="119.244" errors="0" timestamp="2026-07-10T11:15:39 IST" skipped="0">
  <testcase classname="testngTests.ProductsTest" name="verifyProductsPageDisplayed" time="7.521"/>
  <testcase classname="testngTests.ProductsTest" name="verifyProductsAreDisplayed" time="8.675"/>
  <testcase classname="testngTests.ProductsTest" name="verifySearchProduct" time="10.806"/>
  <testcase classname="testngTests.ProductsTest" name="verifySearchProduct" time="10.215"/>
  <testcase classname="testngTests.ProductsTest" name="verifySearchProduct" time="9.667"/>
  <testcase classname="testngTests.ProductsTest" name="verifyViewProduct" time="10.542"/>
  <testcase classname="testngTests.ProductsTest" name="verifyViewProduct" time="10.389"/>
  <testcase classname="testngTests.ProductsTest" name="verifyViewProduct" time="9.951"/>
  <testcase classname="testngTests.ProductsTest" name="verifyProductDetails" time="12.373"/>
  <testcase classname="testngTests.ProductsTest" name="verifyAddProductToCart" time="8.045"/>
  <testcase classname="testngTests.ProductsTest" name="verifyProductQuantity" time="11.150"/>
  <testcase classname="testngTests.ProductsTest" name="verifyOpenCart" time="9.910"/>
</testsuite> <!-- testngTests.ProductsTest -->
